<?xml version="1.0" encoding="UTF-8"?>
<!-- Generated by org.testng.reporters.JUnitReportReporter -->
<testsuite hostname="Amit" failures="0" tests="1" name="QualitykioskTraining.APICICDDemo.TestSubtraction" time="0.008" errors="0" timestamp="2021-05-18T12:34:53 IST" skipped="0">
  <testcase classname="QualitykioskTraining.APICICDDemo.TestSubtraction" name="TestSubtractionWithPositiveNumbers" time="0.008"/>
  <system-out/>
</testsuite> <!-- QualitykioskTraining.APICICDDemo.TestSubtraction -->
